[debug] [2023-11-24T18:01:38.977Z] ----------------------------------------------------------------------
[debug] [2023-11-24T18:01:38.980Z] Command:       C:\Program Files\nodejs\node.exe C:\Users\abakri\AppData\Roaming\npm\node_modules\firebase-tools\lib\bin\firebase.js init
[debug] [2023-11-24T18:01:38.980Z] CLI Version:   12.9.1
[debug] [2023-11-24T18:01:38.980Z] Platform:      win32
[debug] [2023-11-24T18:01:38.981Z] Node Version:  v21.2.0
[debug] [2023-11-24T18:01:38.981Z] Time:          Fri Nov 24 2023 21:01:38 GMT+0300 (Arabian Standard Time)
[debug] [2023-11-24T18:01:38.981Z] ----------------------------------------------------------------------
[debug] 
[debug] [2023-11-24T18:01:38.989Z] > command requires scopes: ["email","openid","https://www.googleapis.com/auth/cloudplatformprojects.readonly","https://www.googleapis.com/auth/firebase","https://www.googleapis.com/auth/cloud-platform"]
[debug] [2023-11-24T18:01:38.990Z] > authorizing via signed-in user (albakriazhar.work@gmail.com)
[info] 
     ######## #### ########  ######## ########     ###     ######  ########
     ##        ##  ##     ## ##       ##     ##  ##   ##  ##       ##
     ######    ##  ########  ######   ########  #########  ######  ######
     ##        ##  ##    ##  ##       ##     ## ##     ##       ## ##
     ##       #### ##     ## ######## ########  ##     ##  ######  ########

You're about to initialize a Firebase project in this directory:

  C:\Users\abakri\Desktop\agr-ju-crr

[info] 
=== Project Setup
[info] 
[info] First, let's associate this project directory with a Firebase project.
[info] You can create multiple project aliases by running firebase use --add, 
[info] but for now we'll just set up a default project.
[info] 
[debug] [2023-11-24T18:03:43.888Z] >>> [apiv2][query] GET https://firebase.googleapis.com/v1beta1/projects pageSize=100
[debug] [2023-11-24T18:03:44.550Z] <<< [apiv2][status] GET https://firebase.googleapis.com/v1beta1/projects 200
[debug] [2023-11-24T18:03:44.550Z] <<< [apiv2][body] GET https://firebase.googleapis.com/v1beta1/projects [omitted]
[info] i  Using project agr-ju-crr (agr-ju-crr) 
[info] 
=== Database Setup
[info] i  database: ensuring required API firebasedatabase.googleapis.com is enabled... 
[debug] [2023-11-24T18:04:01.734Z] >>> [apiv2][query] GET https://serviceusage.googleapis.com/v1/projects/agr-ju-crr/services/firebasedatabase.googleapis.com [none]
[debug] [2023-11-24T18:04:01.734Z] >>> [apiv2][(partial)header] GET https://serviceusage.googleapis.com/v1/projects/agr-ju-crr/services/firebasedatabase.googleapis.com x-goog-quota-user=projects/agr-ju-crr
[debug] [2023-11-24T18:04:02.966Z] <<< [apiv2][status] GET https://serviceusage.googleapis.com/v1/projects/agr-ju-crr/services/firebasedatabase.googleapis.com 200
[debug] [2023-11-24T18:04:02.966Z] <<< [apiv2][body] GET https://serviceusage.googleapis.com/v1/projects/agr-ju-crr/services/firebasedatabase.googleapis.com [omitted]
[warn] !  database: missing required API firebasedatabase.googleapis.com. Enabling now... 
[debug] [2023-11-24T18:04:02.969Z] >>> [apiv2][query] POST https://serviceusage.googleapis.com/v1/projects/agr-ju-crr/services/firebasedatabase.googleapis.com:enable [none]
[debug] [2023-11-24T18:04:02.969Z] >>> [apiv2][(partial)header] POST https://serviceusage.googleapis.com/v1/projects/agr-ju-crr/services/firebasedatabase.googleapis.com:enable x-goog-quota-user=projects/agr-ju-crr
[debug] [2023-11-24T18:04:04.745Z] <<< [apiv2][status] POST https://serviceusage.googleapis.com/v1/projects/agr-ju-crr/services/firebasedatabase.googleapis.com:enable 200
[debug] [2023-11-24T18:04:04.745Z] <<< [apiv2][body] POST https://serviceusage.googleapis.com/v1/projects/agr-ju-crr/services/firebasedatabase.googleapis.com:enable [omitted]
[debug] [2023-11-24T18:04:14.758Z] >>> [apiv2][query] GET https://serviceusage.googleapis.com/v1/projects/agr-ju-crr/services/firebasedatabase.googleapis.com [none]
[debug] [2023-11-24T18:04:14.758Z] >>> [apiv2][(partial)header] GET https://serviceusage.googleapis.com/v1/projects/agr-ju-crr/services/firebasedatabase.googleapis.com x-goog-quota-user=projects/agr-ju-crr
[debug] [2023-11-24T18:04:15.798Z] <<< [apiv2][status] GET https://serviceusage.googleapis.com/v1/projects/agr-ju-crr/services/firebasedatabase.googleapis.com 200
[debug] [2023-11-24T18:04:15.799Z] <<< [apiv2][body] GET https://serviceusage.googleapis.com/v1/projects/agr-ju-crr/services/firebasedatabase.googleapis.com [omitted]
[info] +  database: required API firebasedatabase.googleapis.com is enabled 
[info] 
[debug] [2023-11-24T18:04:15.809Z] >>> [apiv2][query] GET https://firebase.googleapis.com/v1beta1/projects/agr-ju-crr [none]
[debug] [2023-11-24T18:04:16.192Z] <<< [apiv2][status] GET https://firebase.googleapis.com/v1beta1/projects/agr-ju-crr 200
[debug] [2023-11-24T18:04:16.192Z] <<< [apiv2][body] GET https://firebase.googleapis.com/v1beta1/projects/agr-ju-crr {"projectId":"agr-ju-crr","projectNumber":"493898884068","displayName":"agr-ju-crr","name":"projects/agr-ju-crr","resources":{"hostingSite":"agr-ju-crr"},"state":"ACTIVE","etag":"1_a433c5a3-1095-4439-92d8-22c85fa2e55d"}
[debug] [2023-11-24T18:04:43.163Z] >>> [apiv2][query] POST https://firebasedatabase.googleapis.com/v1beta/projects/agr-ju-crr/locations/us-central1/instances databaseId=agr-ju-crr-default-rtdb&validateOnly=true
[debug] [2023-11-24T18:04:43.163Z] >>> [apiv2][body] POST https://firebasedatabase.googleapis.com/v1beta/projects/agr-ju-crr/locations/us-central1/instances {"type":"default_database"}
[debug] [2023-11-24T18:04:44.452Z] <<< [apiv2][status] POST https://firebasedatabase.googleapis.com/v1beta/projects/agr-ju-crr/locations/us-central1/instances 200
[debug] [2023-11-24T18:04:44.452Z] <<< [apiv2][body] POST https://firebasedatabase.googleapis.com/v1beta/projects/agr-ju-crr/locations/us-central1/instances {"name":"projects/493898884068/locations/us-central1/instances/agr-ju-crr-default-rtdb","project":"projects/493898884068","databaseUrl":"https://agr-ju-crr-default-rtdb.firebaseio.com","type":"DEFAULT_DATABASE","state":"ACTIVE"}
[debug] [2023-11-24T18:04:44.456Z] >>> [apiv2][query] POST https://firebasedatabase.googleapis.com/v1beta/projects/agr-ju-crr/locations/us-central1/instances databaseId=agr-ju-crr-default-rtdb
[debug] [2023-11-24T18:04:44.457Z] >>> [apiv2][body] POST https://firebasedatabase.googleapis.com/v1beta/projects/agr-ju-crr/locations/us-central1/instances {"type":"default_database"}
[debug] [2023-11-24T18:04:45.393Z] <<< [apiv2][status] POST https://firebasedatabase.googleapis.com/v1beta/projects/agr-ju-crr/locations/us-central1/instances 200
[debug] [2023-11-24T18:04:45.393Z] <<< [apiv2][body] POST https://firebasedatabase.googleapis.com/v1beta/projects/agr-ju-crr/locations/us-central1/instances {"name":"projects/493898884068/locations/us-central1/instances/agr-ju-crr-default-rtdb","project":"projects/493898884068","databaseUrl":"https://agr-ju-crr-default-rtdb.firebaseio.com","type":"DEFAULT_DATABASE","state":"ACTIVE"}
[info] 
[info] Firebase Realtime Database Security Rules allow you to define how your data should be
[info] structured and when your data can be read from and written to.
[info] 
[debug] [2023-11-24T18:04:57.041Z] >>> [apiv2][query] GET https://agr-ju-crr-default-rtdb.firebaseio.com/.settings/rules.json [none]
[debug] [2023-11-24T18:04:57.957Z] <<< [apiv2][status] GET https://agr-ju-crr-default-rtdb.firebaseio.com/.settings/rules.json 200
[debug] [2023-11-24T18:04:57.958Z] <<< [apiv2][body] GET https://agr-ju-crr-default-rtdb.firebaseio.com/.settings/rules.json [stream]
[info] +  Database Rules for agr-ju-crr-default-rtdb have been written to database.rules.json. 
[info] Future modifications to database.rules.json will update Realtime Database Security Rules when you run
[info] firebase deploy.
[info] 
=== Firestore Setup
[debug] [2023-11-24T18:04:57.967Z] >>> [apiv2][query] GET https://serviceusage.googleapis.com/v1/projects/agr-ju-crr/services/firestore.googleapis.com [none]
[debug] [2023-11-24T18:04:57.967Z] >>> [apiv2][(partial)header] GET https://serviceusage.googleapis.com/v1/projects/agr-ju-crr/services/firestore.googleapis.com x-goog-quota-user=projects/agr-ju-crr
[debug] [2023-11-24T18:04:59.018Z] <<< [apiv2][status] GET https://serviceusage.googleapis.com/v1/projects/agr-ju-crr/services/firestore.googleapis.com 200
[debug] [2023-11-24T18:04:59.018Z] <<< [apiv2][body] GET https://serviceusage.googleapis.com/v1/projects/agr-ju-crr/services/firestore.googleapis.com [omitted]
[debug] [2023-11-24T18:04:59.019Z] >>> [apiv2][query] GET https://firestore.googleapis.com/v1/projects/agr-ju-crr/databases/(default) [none]
[debug] [2023-11-24T18:05:00.014Z] <<< [apiv2][status] GET https://firestore.googleapis.com/v1/projects/agr-ju-crr/databases/(default) 200
[debug] [2023-11-24T18:05:00.015Z] <<< [apiv2][body] GET https://firestore.googleapis.com/v1/projects/agr-ju-crr/databases/(default) {"name":"projects/agr-ju-crr/databases/(default)","uid":"5a908a75-5150-41c1-b627-ea4c8173d8d4","createTime":"2023-11-24T13:36:55.152664Z","updateTime":"2023-11-24T13:36:55.152664Z","locationId":"nam5","type":"FIRESTORE_NATIVE","concurrencyMode":"PESSIMISTIC","versionRetentionPeriod":"3600s","earliestVersionTime":"2023-11-24T17:04:59.968567Z","appEngineIntegrationMode":"DISABLED","keyPrefix":"s","pointInTimeRecoveryEnablement":"POINT_IN_TIME_RECOVERY_DISABLED","deleteProtectionState":"DELETE_PROTECTION_DISABLED","etag":"IICbrtOc3YIDMP7QxPmD3YID"}
[debug] [2023-11-24T18:05:00.015Z] database_type: FIRESTORE_NATIVE
[debug] [2023-11-24T18:05:00.016Z] > command requires scopes: ["email","openid","https://www.googleapis.com/auth/cloudplatformprojects.readonly","https://www.googleapis.com/auth/firebase","https://www.googleapis.com/auth/cloud-platform"]
[debug] [2023-11-24T18:05:00.016Z] > authorizing via signed-in user (albakriazhar.work@gmail.com)
[debug] [2023-11-24T18:05:00.016Z] [iam] checking project agr-ju-crr for permissions ["firebase.projects.get"]
[debug] [2023-11-24T18:05:00.017Z] >>> [apiv2][query] POST https://cloudresourcemanager.googleapis.com/v1/projects/agr-ju-crr:testIamPermissions [none]
[debug] [2023-11-24T18:05:00.017Z] >>> [apiv2][(partial)header] POST https://cloudresourcemanager.googleapis.com/v1/projects/agr-ju-crr:testIamPermissions x-goog-quota-user=projects/agr-ju-crr
[debug] [2023-11-24T18:05:00.017Z] >>> [apiv2][body] POST https://cloudresourcemanager.googleapis.com/v1/projects/agr-ju-crr:testIamPermissions {"permissions":["firebase.projects.get"]}
[debug] [2023-11-24T18:05:00.887Z] <<< [apiv2][status] POST https://cloudresourcemanager.googleapis.com/v1/projects/agr-ju-crr:testIamPermissions 200
[debug] [2023-11-24T18:05:00.887Z] <<< [apiv2][body] POST https://cloudresourcemanager.googleapis.com/v1/projects/agr-ju-crr:testIamPermissions {"permissions":["firebase.projects.get"]}
[info] 
[info] Firestore Security Rules allow you to define how and when to allow
[info] requests. You can keep these rules in your project directory
[info] and publish them with firebase deploy.
[info] 
[debug] [2023-11-24T18:05:05.745Z] >>> [apiv2][query] GET https://firebaserules.googleapis.com/v1/projects/agr-ju-crr/releases pageSize=10&pageToken=
[debug] [2023-11-24T18:05:06.767Z] <<< [apiv2][status] GET https://firebaserules.googleapis.com/v1/projects/agr-ju-crr/releases 200
[debug] [2023-11-24T18:05:06.767Z] <<< [apiv2][body] GET https://firebaserules.googleapis.com/v1/projects/agr-ju-crr/releases {"releases":[{"name":"projects/agr-ju-crr/releases/cloud.firestore","rulesetName":"projects/agr-ju-crr/rulesets/5d35d520-8e69-4e71-8fbb-2a39b0c56aa1","createTime":"2023-11-24T13:37:02.536176Z","updateTime":"2023-11-24T13:37:02.536176Z"}]}
[debug] [2023-11-24T18:05:06.767Z] Found ruleset: projects/agr-ju-crr/rulesets/5d35d520-8e69-4e71-8fbb-2a39b0c56aa1
[debug] [2023-11-24T18:05:06.767Z] >>> [apiv2][query] GET https://firebaserules.googleapis.com/v1/projects/agr-ju-crr/rulesets/5d35d520-8e69-4e71-8fbb-2a39b0c56aa1 [none]
[debug] [2023-11-24T18:05:07.468Z] <<< [apiv2][status] GET https://firebaserules.googleapis.com/v1/projects/agr-ju-crr/rulesets/5d35d520-8e69-4e71-8fbb-2a39b0c56aa1 200
[debug] [2023-11-24T18:05:07.468Z] <<< [apiv2][body] GET https://firebaserules.googleapis.com/v1/projects/agr-ju-crr/rulesets/5d35d520-8e69-4e71-8fbb-2a39b0c56aa1 [omitted]
[info] 
[info] Firestore indexes allow you to perform complex queries while
[info] maintaining performance that scales with the size of the result
[info] set. You can keep index definitions in your project directory
[info] and publish them with firebase deploy.
[info] 
[debug] [2023-11-24T18:05:12.217Z] >>> [apiv2][query] GET https://firestore.googleapis.com/v1/projects/agr-ju-crr/databases/(default)/collectionGroups/-/indexes [none]
[debug] [2023-11-24T18:05:12.218Z] >>> [apiv2][query] GET https://firestore.googleapis.com/v1/projects/agr-ju-crr/databases/(default)/collectionGroups/-/fields?filter=indexConfig.usesAncestorConfig=false OR ttlConfig:* [none]
[debug] [2023-11-24T18:05:13.181Z] <<< [apiv2][status] GET https://firestore.googleapis.com/v1/projects/agr-ju-crr/databases/(default)/collectionGroups/-/indexes 200
[debug] [2023-11-24T18:05:13.181Z] <<< [apiv2][body] GET https://firestore.googleapis.com/v1/projects/agr-ju-crr/databases/(default)/collectionGroups/-/indexes {}
[debug] [2023-11-24T18:05:13.201Z] <<< [apiv2][status] GET https://firestore.googleapis.com/v1/projects/agr-ju-crr/databases/(default)/collectionGroups/-/fields?filter=indexConfig.usesAncestorConfig=false OR ttlConfig:* 200
[debug] [2023-11-24T18:05:13.201Z] <<< [apiv2][body] GET https://firestore.googleapis.com/v1/projects/agr-ju-crr/databases/(default)/collectionGroups/-/fields?filter=indexConfig.usesAncestorConfig=false OR ttlConfig:* {"fields":[{"name":"projects/agr-ju-crr/databases/(default)/collectionGroups/__default__/fields/*","indexConfig":{"indexes":[{"queryScope":"COLLECTION","fields":[{"fieldPath":"*","order":"ASCENDING"}],"state":"READY"},{"queryScope":"COLLECTION","fields":[{"fieldPath":"*","order":"DESCENDING"}],"state":"READY"},{"queryScope":"COLLECTION","fields":[{"fieldPath":"*","arrayConfig":"CONTAINS"}],"state":"READY"}]}}]}
[info] 
=== Functions Setup
[debug] [2023-11-24T18:05:13.207Z] > command requires scopes: ["email","openid","https://www.googleapis.com/auth/cloudplatformprojects.readonly","https://www.googleapis.com/auth/firebase","https://www.googleapis.com/auth/cloud-platform"]
[debug] [2023-11-24T18:05:13.207Z] > authorizing via signed-in user (albakriazhar.work@gmail.com)
[debug] [2023-11-24T18:05:13.208Z] [iam] checking project agr-ju-crr for permissions ["firebase.projects.get"]
[debug] [2023-11-24T18:05:13.208Z] >>> [apiv2][query] POST https://cloudresourcemanager.googleapis.com/v1/projects/agr-ju-crr:testIamPermissions [none]
[debug] [2023-11-24T18:05:13.208Z] >>> [apiv2][(partial)header] POST https://cloudresourcemanager.googleapis.com/v1/projects/agr-ju-crr:testIamPermissions x-goog-quota-user=projects/agr-ju-crr
[debug] [2023-11-24T18:05:13.208Z] >>> [apiv2][body] POST https://cloudresourcemanager.googleapis.com/v1/projects/agr-ju-crr:testIamPermissions {"permissions":["firebase.projects.get"]}
[debug] [2023-11-24T18:05:14.043Z] <<< [apiv2][status] POST https://cloudresourcemanager.googleapis.com/v1/projects/agr-ju-crr:testIamPermissions 200
[debug] [2023-11-24T18:05:14.043Z] <<< [apiv2][body] POST https://cloudresourcemanager.googleapis.com/v1/projects/agr-ju-crr:testIamPermissions {"permissions":["firebase.projects.get"]}
[debug] [2023-11-24T18:05:14.044Z] >>> [apiv2][query] GET https://serviceusage.googleapis.com/v1/projects/agr-ju-crr/services/cloudfunctions.googleapis.com [none]
[debug] [2023-11-24T18:05:14.044Z] >>> [apiv2][(partial)header] GET https://serviceusage.googleapis.com/v1/projects/agr-ju-crr/services/cloudfunctions.googleapis.com x-goog-quota-user=projects/agr-ju-crr
[debug] [2023-11-24T18:05:14.045Z] >>> [apiv2][query] GET https://serviceusage.googleapis.com/v1/projects/agr-ju-crr/services/runtimeconfig.googleapis.com [none]
[debug] [2023-11-24T18:05:14.045Z] >>> [apiv2][(partial)header] GET https://serviceusage.googleapis.com/v1/projects/agr-ju-crr/services/runtimeconfig.googleapis.com x-goog-quota-user=projects/agr-ju-crr
[debug] [2023-11-24T18:05:15.057Z] <<< [apiv2][status] GET https://serviceusage.googleapis.com/v1/projects/agr-ju-crr/services/runtimeconfig.googleapis.com 200
[debug] [2023-11-24T18:05:15.057Z] <<< [apiv2][body] GET https://serviceusage.googleapis.com/v1/projects/agr-ju-crr/services/runtimeconfig.googleapis.com [omitted]
[debug] [2023-11-24T18:05:15.070Z] <<< [apiv2][status] GET https://serviceusage.googleapis.com/v1/projects/agr-ju-crr/services/cloudfunctions.googleapis.com 200
[debug] [2023-11-24T18:05:15.070Z] <<< [apiv2][body] GET https://serviceusage.googleapis.com/v1/projects/agr-ju-crr/services/cloudfunctions.googleapis.com [omitted]
[debug] [2023-11-24T18:05:15.070Z] >>> [apiv2][query] POST https://serviceusage.googleapis.com/v1/projects/agr-ju-crr/services/cloudfunctions.googleapis.com:enable [none]
[debug] [2023-11-24T18:05:15.071Z] >>> [apiv2][(partial)header] POST https://serviceusage.googleapis.com/v1/projects/agr-ju-crr/services/cloudfunctions.googleapis.com:enable x-goog-quota-user=projects/agr-ju-crr
[debug] [2023-11-24T18:05:16.637Z] <<< [apiv2][status] POST https://serviceusage.googleapis.com/v1/projects/agr-ju-crr/services/cloudfunctions.googleapis.com:enable 200
[debug] [2023-11-24T18:05:16.637Z] <<< [apiv2][body] POST https://serviceusage.googleapis.com/v1/projects/agr-ju-crr/services/cloudfunctions.googleapis.com:enable [omitted]
[debug] [2023-11-24T18:05:26.647Z] >>> [apiv2][query] GET https://serviceusage.googleapis.com/v1/projects/agr-ju-crr/services/cloudfunctions.googleapis.com [none]
[debug] [2023-11-24T18:05:26.647Z] >>> [apiv2][(partial)header] GET https://serviceusage.googleapis.com/v1/projects/agr-ju-crr/services/cloudfunctions.googleapis.com x-goog-quota-user=projects/agr-ju-crr
[debug] [2023-11-24T18:05:27.668Z] <<< [apiv2][status] GET https://serviceusage.googleapis.com/v1/projects/agr-ju-crr/services/cloudfunctions.googleapis.com 200
[debug] [2023-11-24T18:05:27.668Z] <<< [apiv2][body] GET https://serviceusage.googleapis.com/v1/projects/agr-ju-crr/services/cloudfunctions.googleapis.com [omitted]
[info] Let's create a new codebase for your functions.
[info] A directory corresponding to the codebase will be created in your project
[info] with sample code pre-configured.

[info] See https://firebase.google.com/docs/functions/organize-functions for
[info] more information on organizing your functions using codebases.

[info] Functions can be deployed with firebase deploy.

[info] +  Wrote functions/package.json 
[info] +  Wrote functions/.eslintrc.js 
[info] +  Wrote functions/index.js 
[info] +  Wrote functions/.gitignore 
[info] 
=== Hosting Setup
[debug] [2023-11-24T18:06:26.802Z] >>> [apiv2][query] GET https://firebase.googleapis.com/v1beta1/projects/agr-ju-crr [none]
[debug] [2023-11-24T18:06:27.193Z] <<< [apiv2][status] GET https://firebase.googleapis.com/v1beta1/projects/agr-ju-crr 200
[debug] [2023-11-24T18:06:27.193Z] <<< [apiv2][body] GET https://firebase.googleapis.com/v1beta1/projects/agr-ju-crr {"projectId":"agr-ju-crr","projectNumber":"493898884068","displayName":"agr-ju-crr","name":"projects/agr-ju-crr","resources":{"hostingSite":"agr-ju-crr","realtimeDatabaseInstance":"agr-ju-crr-default-rtdb"},"state":"ACTIVE","etag":"1_a433c5a3-1095-4439-92d8-22c85fa2e55d"}
[info] 
[info] Your public directory is the folder (relative to your project directory) that
[info] will contain Hosting assets to be uploaded with firebase deploy. If you
[info] have a build process for your assets, use your build's output directory.
[info] 
[info] +  Wrote public/404.html 
[debug] [2023-11-24T18:07:01.658Z] >>> [apiv2][query] GET https://www.gstatic.com/firebasejs/releases.json [none]
[debug] [2023-11-24T18:07:01.896Z] <<< [apiv2][status] GET https://www.gstatic.com/firebasejs/releases.json 200
[debug] [2023-11-24T18:07:01.896Z] <<< [apiv2][body] GET https://www.gstatic.com/firebasejs/releases.json {"current":{"version":"10.6.0","browserURL":"https://www.gstatic.com/firebasejs/10.6.0/firebase.js","packageURL":"https://www.gstatic.com/firebasejs/10.6.0/firebase.tgz"},"live":{"version":"10.6","browserURL":"https://www.gstatic.com/firebasejs/live/10.6/firebase.js","packageURL":"https://www.gstatic.com/firebasejs/live/10.6/firebase.tgz"},"components":{"analytics":"https://www.gstatic.com/firebasejs/10.6.0/firebase-analytics.js","app":"https://www.gstatic.com/firebasejs/10.6.0/firebase-app.js","app-check":"https://www.gstatic.com/firebasejs/10.6.0/firebase-app-check.js","auth":"https://www.gstatic.com/firebasejs/10.6.0/firebase-auth.js","auth/cordova":"https://www.gstatic.com/firebasejs/10.6.0/firebase-auth/cordova.js","functions":"https://www.gstatic.com/firebasejs/10.6.0/firebase-functions.js","firestore":"https://www.gstatic.com/firebasejs/10.6.0/firebase-firestore.js","firestore/lite":"https://www.gstatic.com/firebasejs/10.6.0/firebase-firestore/lite.js","installations":"https://www.gstatic.com/firebasejs/10.6.0/firebase-installations.js","storage":"https://www.gstatic.com/firebasejs/10.6.0/firebase-storage.js","performance":"https://www.gstatic.com/firebasejs/10.6.0/firebase-performance.js","remote-config":"https://www.gstatic.com/firebasejs/10.6.0/firebase-remote-config.js","messaging":"https://www.gstatic.com/firebasejs/10.6.0/firebase-messaging.js","messaging/sw":"https://www.gstatic.com/firebasejs/10.6.0/firebase-messaging/sw.js","database":"https://www.gstatic.com/firebasejs/10.6.0/firebase-database.js","firestore.memory":"https://www.gstatic.com/firebasejs/10.6.0/firebase-firestore.memory.js"}}
[info] i  Skipping write of public/index.html 
[info] 
[info] i  Detected a .git folder at C:\Users\abakri\Desktop\agr-ju-crr 
[info] i  Authorizing with GitHub to upload your service account to a GitHub repository's secrets store. 
[info] 
[info] Visit this URL on this device to log in:
[info] https://github.com/login/oauth/authorize?client_id=89cf50f02ac6aaed3484&state=802472846&redirect_uri=http%3A%2F%2Flocalhost%3A9005&scope=read%3Auser%20repo%20public_repo
[info] 
[info] Waiting for authentication...
[debug] [2023-11-24T18:10:32.569Z] >>> [apiv2][query] POST https://github.com/login/oauth/access_token [none]
[debug] [2023-11-24T18:10:32.569Z] >>> [apiv2][body] POST https://github.com/login/oauth/access_token [stream]
[debug] [2023-11-24T18:10:32.974Z] <<< [apiv2][status] POST https://github.com/login/oauth/access_token 200
[debug] [2023-11-24T18:10:32.974Z] <<< [apiv2][body] POST https://github.com/login/oauth/access_token {"access_token":"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","token_type":"bearer","scope":"read:user,repo"}
[debug] [2023-11-24T18:10:32.983Z] >>> [apiv2][query] GET https://api.github.com/user [none]
[debug] [2023-11-24T18:10:33.387Z] <<< [apiv2][status] GET https://api.github.com/user 200
[debug] [2023-11-24T18:10:33.387Z] <<< [apiv2][body] GET https://api.github.com/user {"login":"AzharAlbakri","id":39635984,"node_id":"MDQ6VXNlcjM5NjM1OTg0","avatar_url":"https://avatars.githubusercontent.com/u/39635984?v=4","gravatar_id":"","url":"https://api.github.com/users/AzharAlbakri","html_url":"https://github.com/AzharAlbakri","followers_url":"https://api.github.com/users/AzharAlbakri/followers","following_url":"https://api.github.com/users/AzharAlbakri/following{/other_user}","gists_url":"https://api.github.com/users/AzharAlbakri/gists{/gist_id}","starred_url":"https://api.github.com/users/AzharAlbakri/starred{/owner}{/repo}","subscriptions_url":"https://api.github.com/users/AzharAlbakri/subscriptions","organizations_url":"https://api.github.com/users/AzharAlbakri/orgs","repos_url":"https://api.github.com/users/AzharAlbakri/repos","events_url":"https://api.github.com/users/AzharAlbakri/events{/privacy}","received_events_url":"https://api.github.com/users/AzharAlbakri/received_events","type":"User","site_admin":false,"name":null,"company":null,"blog":"","location":null,"email":null,"hireable":null,"bio":null,"twitter_username":null,"public_repos":29,"public_gists":1,"followers":0,"following":0,"created_at":"2018-05-25T21:52:22Z","updated_at":"2023-11-24T18:10:14Z","private_gists":0,"total_private_repos":0,"owned_private_repos":0,"disk_usage":58320,"collaborators":0,"two_factor_authentication":false,"plan":{"name":"free","space":976562499,"collaborators":0,"private_repos":10000}}
[info] 
[info] +  Success! Logged into GitHub as AzharAlbakri 
[info] 
[debug] [2023-11-24T18:16:12.013Z] >>> [apiv2][query] GET https://api.github.com/repos/AzharAlbakri/arg-jr-crr/actions/secrets/public-key type=owner
[debug] [2023-11-24T18:16:12.472Z] <<< [apiv2][status] GET https://api.github.com/repos/AzharAlbakri/arg-jr-crr/actions/secrets/public-key 401
[debug] [2023-11-24T18:16:12.473Z] <<< [apiv2][body] GET https://api.github.com/repos/AzharAlbakri/arg-jr-crr/actions/secrets/public-key {"message":"Bad credentials","documentation_url":"https://docs.github.com/rest"}
[debug] [2023-11-24T18:16:43.641Z] >>> [apiv2][query] GET https://api.github.com/repos/AzharAlbakri/arg-jr-crr/actions/secrets/public-key type=owner
[debug] [2023-11-24T18:16:43.971Z] <<< [apiv2][status] GET https://api.github.com/repos/AzharAlbakri/arg-jr-crr/actions/secrets/public-key 401
[debug] [2023-11-24T18:16:43.971Z] <<< [apiv2][body] GET https://api.github.com/repos/AzharAlbakri/arg-jr-crr/actions/secrets/public-key {"message":"Bad credentials","documentation_url":"https://docs.github.com/rest"}
[debug] [2023-11-24T18:16:46.322Z] >>> [apiv2][query] GET https://api.github.com/repos/\AzharAlbakri/arg-jr-crr/actions/secrets/public-key type=owner
[debug] [2023-11-24T18:16:46.498Z] <<< [apiv2][status] GET https://api.github.com/repos/\AzharAlbakri/arg-jr-crr/actions/secrets/public-key 401
[debug] [2023-11-24T18:16:46.498Z] <<< [apiv2][body] GET https://api.github.com/repos/\AzharAlbakri/arg-jr-crr/actions/secrets/public-key {"message":"Bad credentials","documentation_url":"https://docs.github.com/rest"}
[debug] [2023-11-24T18:16:47.331Z] >>> [apiv2][query] GET https://api.github.com/repos/\AzharAlbakri/arg-jr-crr/actions/secrets/public-key type=owner
[debug] [2023-11-24T18:16:47.504Z] <<< [apiv2][status] GET https://api.github.com/repos/\AzharAlbakri/arg-jr-crr/actions/secrets/public-key 401
[debug] [2023-11-24T18:16:47.504Z] <<< [apiv2][body] GET https://api.github.com/repos/\AzharAlbakri/arg-jr-crr/actions/secrets/public-key {"message":"Bad credentials","documentation_url":"https://docs.github.com/rest"}
[debug] [2023-11-24T18:17:30.912Z] >>> [apiv2][query] GET https://api.github.com/repos/AzharAlbakri/arg-jr-crr/actions/secrets/public-key type=owner
[debug] [2023-11-24T18:17:31.258Z] <<< [apiv2][status] GET https://api.github.com/repos/AzharAlbakri/arg-jr-crr/actions/secrets/public-key 401
[debug] [2023-11-24T18:17:31.258Z] <<< [apiv2][body] GET https://api.github.com/repos/AzharAlbakri/arg-jr-crr/actions/secrets/public-key {"message":"Bad credentials","documentation_url":"https://docs.github.com/rest"}
[debug] [2023-11-24T18:17:34.666Z] >>> [apiv2][query] GET https://api.github.com/repos/AzharAlbakri/arg-jr-crr/actions/secrets/public-key type=owner
[debug] [2023-11-24T18:17:34.846Z] <<< [apiv2][status] GET https://api.github.com/repos/AzharAlbakri/arg-jr-crr/actions/secrets/public-key 401
[debug] [2023-11-24T18:17:34.846Z] <<< [apiv2][body] GET https://api.github.com/repos/AzharAlbakri/arg-jr-crr/actions/secrets/public-key {"message":"Bad credentials","documentation_url":"https://docs.github.com/rest"}
[debug] [2023-11-24T18:32:33.020Z] >>> [apiv2][query] GET https://api.github.com/repos/azharalbakri/arg-ju-crr/actions/secrets/public-key type=owner
[debug] [2023-11-24T18:32:33.632Z] <<< [apiv2][status] GET https://api.github.com/repos/azharalbakri/arg-ju-crr/actions/secrets/public-key 401
[debug] [2023-11-24T18:32:33.632Z] <<< [apiv2][body] GET https://api.github.com/repos/azharalbakri/arg-ju-crr/actions/secrets/public-key {"message":"Bad credentials","documentation_url":"https://docs.github.com/rest"}
[debug] [2023-11-24T18:32:35.120Z] >>> [apiv2][query] GET https://api.github.com/repos/azharalbakri/arg-ju-crr/actions/secrets/public-key type=owner
[debug] [2023-11-24T18:32:35.368Z] <<< [apiv2][status] GET https://api.github.com/repos/azharalbakri/arg-ju-crr/actions/secrets/public-key 401
[debug] [2023-11-24T18:32:35.368Z] <<< [apiv2][body] GET https://api.github.com/repos/azharalbakri/arg-ju-crr/actions/secrets/public-key {"message":"Bad credentials","documentation_url":"https://docs.github.com/rest"}
[debug] [2023-11-24T18:32:36.102Z] >>> [apiv2][query] GET https://api.github.com/repos/azharalbakri/arg-ju-crr/actions/secrets/public-key type=owner
[debug] [2023-11-24T18:32:36.523Z] <<< [apiv2][status] GET https://api.github.com/repos/azharalbakri/arg-ju-crr/actions/secrets/public-key 401
[debug] [2023-11-24T18:32:36.523Z] <<< [apiv2][body] GET https://api.github.com/repos/azharalbakri/arg-ju-crr/actions/secrets/public-key {"message":"Bad credentials","documentation_url":"https://docs.github.com/rest"}
[debug] [2023-11-24T18:32:56.542Z] >>> [apiv2][query] GET https://api.github.com/repos/arg-ju-crr/actions/secrets/public-key type=owner
[debug] [2023-11-24T18:32:56.938Z] <<< [apiv2][status] GET https://api.github.com/repos/arg-ju-crr/actions/secrets/public-key 401
[debug] [2023-11-24T18:32:56.939Z] <<< [apiv2][body] GET https://api.github.com/repos/arg-ju-crr/actions/secrets/public-key {"message":"Bad credentials","documentation_url":"https://docs.github.com/rest"}
[debug] [2023-11-24T18:32:57.393Z] >>> [apiv2][query] GET https://api.github.com/repos/arg-ju-crr/actions/secrets/public-key type=owner
[debug] [2023-11-24T18:32:57.584Z] <<< [apiv2][status] GET https://api.github.com/repos/arg-ju-crr/actions/secrets/public-key 401
[debug] [2023-11-24T18:32:57.585Z] <<< [apiv2][body] GET https://api.github.com/repos/arg-ju-crr/actions/secrets/public-key {"message":"Bad credentials","documentation_url":"https://docs.github.com/rest"}
[debug] [2023-11-24T18:32:57.591Z] >>> [apiv2][query] GET https://api.github.com/repos/arg-ju-crr/actions/secrets/public-key type=owner
[debug] [2023-11-24T18:32:57.776Z] <<< [apiv2][status] GET https://api.github.com/repos/arg-ju-crr/actions/secrets/public-key 401
[debug] [2023-11-24T18:32:57.777Z] <<< [apiv2][body] GET https://api.github.com/repos/arg-ju-crr/actions/secrets/public-key {"message":"Bad credentials","documentation_url":"https://docs.github.com/rest"}
[debug] [2023-11-24T18:32:57.821Z] >>> [apiv2][query] GET https://api.github.com/repos/arg-ju-crr/actions/secrets/public-key type=owner
[debug] [2023-11-24T18:32:58.018Z] <<< [apiv2][status] GET https://api.github.com/repos/arg-ju-crr/actions/secrets/public-key 401
[debug] [2023-11-24T18:32:58.019Z] <<< [apiv2][body] GET https://api.github.com/repos/arg-ju-crr/actions/secrets/public-key {"message":"Bad credentials","documentation_url":"https://docs.github.com/rest"}
[debug] [2023-11-24T18:32:58.049Z] >>> [apiv2][query] GET https://api.github.com/repos/arg-ju-crr4/actions/secrets/public-key type=owner
[debug] [2023-11-24T18:32:58.236Z] <<< [apiv2][status] GET https://api.github.com/repos/arg-ju-crr4/actions/secrets/public-key 401
[debug] [2023-11-24T18:32:58.236Z] <<< [apiv2][body] GET https://api.github.com/repos/arg-ju-crr4/actions/secrets/public-key {"message":"Bad credentials","documentation_url":"https://docs.github.com/rest"}
[debug] [2023-11-24T18:32:58.267Z] >>> [apiv2][query] GET https://api.github.com/repos/arg-ju-crr4/actions/secrets/public-key type=owner
[debug] [2023-11-24T18:32:58.450Z] <<< [apiv2][status] GET https://api.github.com/repos/arg-ju-crr4/actions/secrets/public-key 401
[debug] [2023-11-24T18:32:58.450Z] <<< [apiv2][body] GET https://api.github.com/repos/arg-ju-crr4/actions/secrets/public-key {"message":"Bad credentials","documentation_url":"https://docs.github.com/rest"}
[debug] [2023-11-24T18:32:58.460Z] >>> [apiv2][query] GET https://api.github.com/repos/arg-ju-crr4/actions/secrets/public-key type=owner
[debug] [2023-11-24T18:32:58.483Z] >>> [apiv2][query] GET https://api.github.com/repos//actions/secrets/public-key type=owner
[debug] [2023-11-24T18:32:58.655Z] <<< [apiv2][status] GET https://api.github.com/repos/arg-ju-crr4/actions/secrets/public-key 401
[debug] [2023-11-24T18:32:58.656Z] <<< [apiv2][body] GET https://api.github.com/repos/arg-ju-crr4/actions/secrets/public-key {"message":"Bad credentials","documentation_url":"https://docs.github.com/rest"}
[debug] [2023-11-24T18:32:58.666Z] >>> [apiv2][query] GET https://api.github.com/repos/arg-ju-crr4/actions/secrets/public-key type=owner
[debug] [2023-11-24T18:32:58.837Z] <<< [apiv2][status] GET https://api.github.com/repos//actions/secrets/public-key 401
[debug] [2023-11-24T18:32:58.837Z] <<< [apiv2][body] GET https://api.github.com/repos//actions/secrets/public-key {"message":"Bad credentials","documentation_url":"https://docs.github.com/rest"}
[debug] [2023-11-24T18:32:58.849Z] <<< [apiv2][status] GET https://api.github.com/repos/arg-ju-crr4/actions/secrets/public-key 401
[debug] [2023-11-24T18:32:58.849Z] <<< [apiv2][body] GET https://api.github.com/repos/arg-ju-crr4/actions/secrets/public-key {"message":"Bad credentials","documentation_url":"https://docs.github.com/rest"}
[debug] [2023-11-24T18:32:59.441Z] >>> [apiv2][query] GET https://api.github.com/repos/arg-ju-crr4/actions/secrets/public-key type=owner
[debug] [2023-11-24T18:32:59.622Z] <<< [apiv2][status] GET https://api.github.com/repos/arg-ju-crr4/actions/secrets/public-key 401
[debug] [2023-11-24T18:32:59.622Z] <<< [apiv2][body] GET https://api.github.com/repos/arg-ju-crr4/actions/secrets/public-key {"message":"Bad credentials","documentation_url":"https://docs.github.com/rest"}
[debug] [2023-11-24T18:38:18.316Z] >>> [apiv2][query] GET https://api.github.com/repos/arg-ju-crr/actions/secrets/public-key type=owner
[debug] [2023-11-24T18:38:18.665Z] <<< [apiv2][status] GET https://api.github.com/repos/arg-ju-crr/actions/secrets/public-key 401
[debug] [2023-11-24T18:38:18.665Z] <<< [apiv2][body] GET https://api.github.com/repos/arg-ju-crr/actions/secrets/public-key {"message":"Bad credentials","documentation_url":"https://docs.github.com/rest"}
[debug] [2023-11-24T18:38:19.601Z] >>> [apiv2][query] GET https://api.github.com/repos/arg-ju-crr/actions/secrets/public-key type=owner
[debug] [2023-11-24T18:38:19.786Z] <<< [apiv2][status] GET https://api.github.com/repos/arg-ju-crr/actions/secrets/public-key 401
[debug] [2023-11-24T18:38:19.787Z] <<< [apiv2][body] GET https://api.github.com/repos/arg-ju-crr/actions/secrets/public-key {"message":"Bad credentials","documentation_url":"https://docs.github.com/rest"}
[debug] [2023-11-24T18:38:20.044Z] >>> [apiv2][query] GET https://api.github.com/repos/arg-ju-crr/actions/secrets/public-key type=owner
[debug] [2023-11-24T18:38:20.065Z] >>> [apiv2][query] GET https://api.github.com/repos//actions/secrets/public-key type=owner
[debug] [2023-11-24T18:38:20.225Z] >>> [apiv2][query] GET https://api.github.com/repos//actions/secrets/public-key type=owner
[debug] [2023-11-24T18:38:20.243Z] <<< [apiv2][status] GET https://api.github.com/repos/arg-ju-crr/actions/secrets/public-key 401
[debug] [2023-11-24T18:38:20.243Z] <<< [apiv2][body] GET https://api.github.com/repos/arg-ju-crr/actions/secrets/public-key {"message":"Bad credentials","documentation_url":"https://docs.github.com/rest"}
[debug] [2023-11-24T18:38:20.393Z] <<< [apiv2][status] GET https://api.github.com/repos//actions/secrets/public-key 401
[debug] [2023-11-24T18:38:20.393Z] <<< [apiv2][body] GET https://api.github.com/repos//actions/secrets/public-key {"message":"Bad credentials","documentation_url":"https://docs.github.com/rest"}
[debug] [2023-11-24T18:38:20.412Z] >>> [apiv2][query] GET https://api.github.com/repos/arg-ju-crr/actions/secrets/public-key type=owner
[debug] [2023-11-24T18:38:20.552Z] <<< [apiv2][status] GET https://api.github.com/repos//actions/secrets/public-key 401
[debug] [2023-11-24T18:38:20.552Z] <<< [apiv2][body] GET https://api.github.com/repos//actions/secrets/public-key {"message":"Bad credentials","documentation_url":"https://docs.github.com/rest"}
[debug] [2023-11-24T18:38:20.592Z] <<< [apiv2][status] GET https://api.github.com/repos/arg-ju-crr/actions/secrets/public-key 401
[debug] [2023-11-24T18:38:20.592Z] <<< [apiv2][body] GET https://api.github.com/repos/arg-ju-crr/actions/secrets/public-key {"message":"Bad credentials","documentation_url":"https://docs.github.com/rest"}
[debug] [2023-11-24T18:38:21.208Z] >>> [apiv2][query] GET https://api.github.com/repos/arg-ju-crr/actions/secrets/public-key type=owner
[debug] [2023-11-24T18:38:21.423Z] <<< [apiv2][status] GET https://api.github.com/repos/arg-ju-crr/actions/secrets/public-key 401
[debug] [2023-11-24T18:38:21.423Z] <<< [apiv2][body] GET https://api.github.com/repos/arg-ju-crr/actions/secrets/public-key {"message":"Bad credentials","documentation_url":"https://docs.github.com/rest"}
[debug] [2023-11-24T18:38:27.867Z] >>> [apiv2][query] GET https://api.github.com/repos//actions/secrets/public-key type=owner
[debug] [2023-11-24T18:38:28.216Z] <<< [apiv2][status] GET https://api.github.com/repos//actions/secrets/public-key 401
[debug] [2023-11-24T18:38:28.216Z] <<< [apiv2][body] GET https://api.github.com/repos//actions/secrets/public-key {"message":"Bad credentials","documentation_url":"https://docs.github.com/rest"}
[debug] [2023-11-24T18:38:28.479Z] >>> [apiv2][query] GET https://api.github.com/repos//actions/secrets/public-key type=owner
[debug] [2023-11-24T18:38:28.661Z] <<< [apiv2][status] GET https://api.github.com/repos//actions/secrets/public-key 401
[debug] [2023-11-24T18:38:28.661Z] <<< [apiv2][body] GET https://api.github.com/repos//actions/secrets/public-key {"message":"Bad credentials","documentation_url":"https://docs.github.com/rest"}
[debug] [2023-11-24T18:38:28.996Z] >>> [apiv2][query] GET https://api.github.com/repos//actions/secrets/public-key type=owner
[debug] [2023-11-24T18:38:29.177Z] <<< [apiv2][status] GET https://api.github.com/repos//actions/secrets/public-key 401
[debug] [2023-11-24T18:38:29.178Z] <<< [apiv2][body] GET https://api.github.com/repos//actions/secrets/public-key {"message":"Bad credentials","documentation_url":"https://docs.github.com/rest"}
